{
  "numFailedTestSuites": 1,
  "numFailedTests": 3,
  "numPassedTestSuites": 9,
  "numPassedTests": 128,
  "numPendingTestSuites": 0,
  "numPendingTests": 0,
  "numRuntimeErrorTestSuites": 0,
  "numTodoTests": 0,
  "numTotalTestSuites": 10,
  "numTotalTests": 131,
  "openHandles": [],
  "snapshot": {
    "added": 0,
    "didUpdate": false,
    "failure": false,
    "filesAdded": 0,
    "filesRemoved": 0,
    "filesRemovedList": [],
    "filesUnmatched": 0,
    "filesUpdated": 0,
    "matched": 0,
    "total": 0,
    "unchecked": 0,
    "uncheckedKeysByFile": [],
    "unmatched": 0,
    "updated": 0
  },
  "startTime": 1768484255783,
  "success": false,
  "testResults": [
    {
      "assertionResults": [
        {
          "ancestorTitles": ["ADO SDK Mocks", "createSdkMock"],
          "duration": 4,
          "failureDetails": [],
          "failureMessages": [],
          "fullName": "ADO SDK Mocks createSdkMock creates mock with default values",
          "invocations": 1,
          "location": null,
          "numPassingAsserts": 3,
          "retryReasons": [],
          "status": "passed",
          "title": "creates mock with default values"
        },
        {
          "ancestorTitles": ["ADO SDK Mocks", "createSdkMock"],
          "duration": 1,
          "failureDetails": [],
          "failureMessages": [],
          "fullName": "ADO SDK Mocks createSdkMock allows custom access token",
          "invocations": 1,
          "location": null,
          "numPassingAsserts": 1,
          "retryReasons": [],
          "status": "passed",
          "title": "allows custom access token"
        },
        {
          "ancestorTitles": ["ADO SDK Mocks", "createSdkMock"],
          "duration": 0,
          "failureDetails": [],
          "failureMessages": [],
          "fullName": "ADO SDK Mocks createSdkMock allows custom web context",
          "invocations": 1,
          "location": null,
          "numPassingAsserts": 2,
          "retryReasons": [],
          "status": "passed",
          "title": "allows custom web context"
        },
        {
          "ancestorTitles": ["ADO SDK Mocks", "createSdkMock"],
          "duration": 0,
          "failureDetails": [],
          "failureMessages": [],
          "fullName": "ADO SDK Mocks createSdkMock provides required SDK methods",
          "invocations": 1,
          "location": null,
          "numPassingAsserts": 6,
          "retryReasons": [],
          "status": "passed",
          "title": "provides required SDK methods"
        },
        {
          "ancestorTitles": ["ADO SDK Mocks", "createBuildApiMock"],
          "duration": 1,
          "failureDetails": [],
          "failureMessages": [],
          "fullName": "ADO SDK Mocks createBuildApiMock returns successful runs and artifacts for SUCCESS scenario",
          "invocations": 1,
          "location": null,
          "numPassingAsserts": 4,
          "retryReasons": [],
          "status": "passed",
          "title": "returns successful runs and artifacts for SUCCESS scenario"
        },
        {
          "ancestorTitles": ["ADO SDK Mocks", "createBuildApiMock"],
          "duration": 0,
          "failureDetails": [],
          "failureMessages": [],
          "fullName": "ADO SDK Mocks createBuildApiMock returns empty runs for NO_RUNS scenario",
          "invocations": 1,
          "location": null,
          "numPassingAsserts": 1,
          "retryReasons": [],
          "status": "passed",
          "title": "returns empty runs for NO_RUNS scenario"
        },
        {
          "ancestorTitles": ["ADO SDK Mocks", "createBuildApiMock"],
          "duration": 0,
          "failureDetails": [],
          "failureMessages": [],
          "fullName": "ADO SDK Mocks createBuildApiMock returns empty artifacts for NO_ARTIFACTS scenario",
          "invocations": 1,
          "location": null,
          "numPassingAsserts": 2,
          "retryReasons": [],
          "status": "passed",
          "title": "returns empty artifacts for NO_ARTIFACTS scenario"
        },
        {
          "ancestorTitles": ["ADO SDK Mocks", "createBuildApiMock"],
          "duration": 0,
          "failureDetails": [],
          "failureMessages": [],
          "fullName": "ADO SDK Mocks createBuildApiMock throws 403 for PERMISSION_DENIED scenario",
          "invocations": 1,
          "location": null,
          "numPassingAsserts": 1,
          "retryReasons": [],
          "status": "passed",
          "title": "throws 403 for PERMISSION_DENIED scenario"
        },
        {
          "ancestorTitles": ["ADO SDK Mocks", "createBuildApiMock"],
          "duration": 0,
          "failureDetails": [],
          "failureMessages": [],
          "fullName": "ADO SDK Mocks createBuildApiMock throws 404 for NOT_FOUND scenario",
          "invocations": 1,
          "location": null,
          "numPassingAsserts": 1,
          "retryReasons": [],
          "status": "passed",
          "title": "throws 404 for NOT_FOUND scenario"
        },
        {
          "ancestorTitles": ["ADO SDK Mocks", "createBuildApiMock"],
          "duration": 0,
          "failureDetails": [],
          "failureMessages": [],
          "fullName": "ADO SDK Mocks createBuildApiMock throws 503 for TRANSIENT_ERROR scenario",
          "invocations": 1,
          "location": null,
          "numPassingAsserts": 1,
          "retryReasons": [],
          "status": "passed",
          "title": "throws 503 for TRANSIENT_ERROR scenario"
        },
        {
          "ancestorTitles": ["ADO SDK Mocks", "createBuildApiMock"],
          "duration": 1,
          "failureDetails": [],
          "failureMessages": [],
          "fullName": "ADO SDK Mocks createBuildApiMock generates artifact content URLs",
          "invocations": 1,
          "location": null,
          "numPassingAsserts": 2,
          "retryReasons": [],
          "status": "passed",
          "title": "generates artifact content URLs"
        },
        {
          "ancestorTitles": ["ADO SDK Mocks", "installSdkMocks"],
          "duration": 0,
          "failureDetails": [],
          "failureMessages": [],
          "fullName": "ADO SDK Mocks installSdkMocks installs SDK on global object",
          "invocations": 1,
          "location": null,
          "numPassingAsserts": 1,
          "retryReasons": [],
          "status": "passed",
          "title": "installs SDK on global object"
        },
        {
          "ancestorTitles": ["ADO SDK Mocks", "installSdkMocks"],
          "duration": 0,
          "failureDetails": [],
          "failureMessages": [],
          "fullName": "ADO SDK Mocks installSdkMocks returns the created SDK",
          "invocations": 1,
          "location": null,
          "numPassingAsserts": 2,
          "retryReasons": [],
          "status": "passed",
          "title": "returns the created SDK"
        },
        {
          "ancestorTitles": ["ADO SDK Mocks", "BuildApiScenarios"],
          "duration": 0,
          "failureDetails": [],
          "failureMessages": [],
          "fullName": "ADO SDK Mocks BuildApiScenarios defines all required scenarios",
          "invocations": 1,
          "location": null,
          "numPassingAsserts": 6,
          "retryReasons": [],
          "status": "passed",
          "title": "defines all required scenarios"
        }
      ],
      "endTime": 1768484256529,
      "message": "",
      "name": "E:\\projects\\ado-git-repo-insights\\extension\\tests\\ado-sdk.test.js",
      "startTime": 1768484256271,
      "status": "passed",
      "summary": ""
    },
    {
      "assertionResults": [
        {
          "ancestorTitles": ["Golden Fixtures", "Fixture files exist"],
          "duration": 4,
          "failureDetails": [],
          "failureMessages": [],
          "fullName": "Golden Fixtures Fixture files exist has dataset-manifest.json",
          "invocations": 1,
          "location": null,
          "numPassingAsserts": 1,
          "retryReasons": [],
          "status": "passed",
          "title": "has dataset-manifest.json"
        },
        {
          "ancestorTitles": ["Golden Fixtures", "Fixture files exist"],
          "duration": 0,
          "failureDetails": [],
          "failureMessages": [],
          "fullName": "Golden Fixtures Fixture files exist has dimensions.json",
          "invocations": 1,
          "location": null,
          "numPassingAsserts": 1,
          "retryReasons": [],
          "status": "passed",
          "title": "has dimensions.json"
        },
        {
          "ancestorTitles": ["Golden Fixtures", "Fixture files exist"],
          "duration": 1,
          "failureDetails": [],
          "failureMessages": [],
          "fullName": "Golden Fixtures Fixture files exist has weekly rollup fixture",
          "invocations": 1,
          "location": null,
          "numPassingAsserts": 1,
          "retryReasons": [],
          "status": "passed",
          "title": "has weekly rollup fixture"
        },
        {
          "ancestorTitles": ["Golden Fixtures", "Fixture files exist"],
          "duration": 0,
          "failureDetails": [],
          "failureMessages": [],
          "fullName": "Golden Fixtures Fixture files exist has predictions fixture",
          "invocations": 1,
          "location": null,
          "numPassingAsserts": 1,
          "retryReasons": [],
          "status": "passed",
          "title": "has predictions fixture"
        },
        {
          "ancestorTitles": ["Golden Fixtures", "Fixture files exist"],
          "duration": 0,
          "failureDetails": [],
          "failureMessages": [],
          "fullName": "Golden Fixtures Fixture files exist has insights fixture",
          "invocations": 1,
          "location": null,
          "numPassingAsserts": 1,
          "retryReasons": [],
          "status": "passed",
          "title": "has insights fixture"
        },
        {
          "ancestorTitles": ["Golden Fixtures", "Fixture schema validation"],
          "duration": 1,
          "failureDetails": [],
          "failureMessages": [],
          "fullName": "Golden Fixtures Fixture schema validation manifest has required schema versions",
          "invocations": 1,
          "location": null,
          "numPassingAsserts": 3,
          "retryReasons": [],
          "status": "passed",
          "title": "manifest has required schema versions"
        },
        {
          "ancestorTitles": ["Golden Fixtures", "Fixture schema validation"],
          "duration": 0,
          "failureDetails": [],
          "failureMessages": [],
          "fullName": "Golden Fixtures Fixture schema validation manifest has required feature flags",
          "invocations": 1,
          "location": null,
          "numPassingAsserts": 3,
          "retryReasons": [],
          "status": "passed",
          "title": "manifest has required feature flags"
        },
        {
          "ancestorTitles": ["Golden Fixtures", "Fixture schema validation"],
          "duration": 0,
          "failureDetails": [],
          "failureMessages": [],
          "fullName": "Golden Fixtures Fixture schema validation predictions fixture passes schema validation",
          "invocations": 1,
          "location": null,
          "numPassingAsserts": 1,
          "retryReasons": [],
          "status": "passed",
          "title": "predictions fixture passes schema validation"
        },
        {
          "ancestorTitles": ["Golden Fixtures", "Fixture schema validation"],
          "duration": 1,
          "failureDetails": [],
          "failureMessages": [],
          "fullName": "Golden Fixtures Fixture schema validation insights fixture passes schema validation",
          "invocations": 1,
          "location": null,
          "numPassingAsserts": 1,
          "retryReasons": [],
          "status": "passed",
          "title": "insights fixture passes schema validation"
        },
        {
          "ancestorTitles": ["Golden Fixtures", "Fixture content validation"],
          "duration": 0,
          "failureDetails": [],
          "failureMessages": [],
          "fullName": "Golden Fixtures Fixture content validation weekly rollup has expected structure",
          "invocations": 1,
          "location": null,
          "numPassingAsserts": 4,
          "retryReasons": [],
          "status": "passed",
          "title": "weekly rollup has expected structure"
        },
        {
          "ancestorTitles": ["Golden Fixtures", "Fixture content validation"],
          "duration": 1,
          "failureDetails": [],
          "failureMessages": [],
          "fullName": "Golden Fixtures Fixture content validation dimensions has filter values",
          "invocations": 1,
          "location": null,
          "numPassingAsserts": 4,
          "retryReasons": [],
          "status": "passed",
          "title": "dimensions has filter values"
        },
        {
          "ancestorTitles": ["Golden Fixtures", "Fixture content validation"],
          "duration": 0,
          "failureDetails": [],
          "failureMessages": [],
          "fullName": "Golden Fixtures Fixture content validation predictions has forecasts array",
          "invocations": 1,
          "location": null,
          "numPassingAsserts": 3,
          "retryReasons": [],
          "status": "passed",
          "title": "predictions has forecasts array"
        },
        {
          "ancestorTitles": ["Golden Fixtures", "Fixture content validation"],
          "duration": 0,
          "failureDetails": [],
          "failureMessages": [],
          "fullName": "Golden Fixtures Fixture content validation insights has all severity levels",
          "invocations": 1,
          "location": null,
          "numPassingAsserts": 3,
          "retryReasons": [],
          "status": "passed",
          "title": "insights has all severity levels"
        }
      ],
      "endTime": 1768484256537,
      "message": "",
      "name": "E:\\projects\\ado-git-repo-insights\\extension\\tests\\fixtures.test.js",
      "startTime": 1768484256277,
      "status": "passed",
      "summary": ""
    },
    {
      "assertionResults": [
        {
          "ancestorTitles": ["Metrics Collector (Phase 4)"],
          "duration": 3,
          "failureDetails": [],
          "failureMessages": [],
          "fullName": "Metrics Collector (Phase 4) Production mode ignores __DASHBOARD_DEBUG__",
          "invocations": 1,
          "location": null,
          "numPassingAsserts": 2,
          "retryReasons": [],
          "status": "passed",
          "title": "Production mode ignores __DASHBOARD_DEBUG__"
        },
        {
          "ancestorTitles": ["Metrics Collector (Phase 4)"],
          "duration": 0,
          "failureDetails": [],
          "failureMessages": [],
          "fullName": "Metrics Collector (Phase 4) Production mode ignores ?debug param",
          "invocations": 1,
          "location": null,
          "numPassingAsserts": 1,
          "retryReasons": [],
          "status": "passed",
          "title": "Production mode ignores ?debug param"
        },
        {
          "ancestorTitles": ["Metrics Collector (Phase 4)"],
          "duration": 1,
          "failureDetails": [],
          "failureMessages": [],
          "fullName": "Metrics Collector (Phase 4) Debug mode enables metrics with __DASHBOARD_DEBUG__",
          "invocations": 1,
          "location": null,
          "numPassingAsserts": 1,
          "retryReasons": [],
          "status": "passed",
          "title": "Debug mode enables metrics with __DASHBOARD_DEBUG__"
        },
        {
          "ancestorTitles": ["Metrics Collector (Phase 4)"],
          "duration": 0,
          "failureDetails": [],
          "failureMessages": [],
          "fullName": "Metrics Collector (Phase 4) Debug mode enables metrics with ?debug param",
          "invocations": 1,
          "location": null,
          "numPassingAsserts": 1,
          "retryReasons": [],
          "status": "passed",
          "title": "Debug mode enables metrics with ?debug param"
        },
        {
          "ancestorTitles": ["Metrics Collector (Phase 4)"],
          "duration": 0,
          "failureDetails": [],
          "failureMessages": [],
          "fullName": "Metrics Collector (Phase 4) Metrics collector mark() creates performance mark",
          "invocations": 1,
          "location": null,
          "numPassingAsserts": 2,
          "retryReasons": [],
          "status": "passed",
          "title": "Metrics collector mark() creates performance mark"
        },
        {
          "ancestorTitles": ["Metrics Collector (Phase 4)"],
          "duration": 1,
          "failureDetails": [],
          "failureMessages": [],
          "fullName": "Metrics Collector (Phase 4) Metrics collector measure() creates performance measure",
          "invocations": 1,
          "location": null,
          "numPassingAsserts": 3,
          "retryReasons": [],
          "status": "passed",
          "title": "Metrics collector measure() creates performance measure"
        },
        {
          "ancestorTitles": ["Metrics Collector (Phase 4)"],
          "duration": 0,
          "failureDetails": [],
          "failureMessages": [],
          "fullName": "Metrics Collector (Phase 4) Metrics collector reset() clears all metrics",
          "invocations": 1,
          "location": null,
          "numPassingAsserts": 3,
          "retryReasons": [],
          "status": "passed",
          "title": "Metrics collector reset() clears all metrics"
        }
      ],
      "endTime": 1768484256538,
      "message": "",
      "name": "E:\\projects\\ado-git-repo-insights\\extension\\tests\\metrics.test.js",
      "startTime": 1768484256286,
      "status": "passed",
      "summary": ""
    },
    {
      "assertionResults": [
        {
          "ancestorTitles": ["Error Codes", "ErrorCodes object"],
          "duration": 4,
          "failureDetails": [],
          "failureMessages": [],
          "fullName": "Error Codes ErrorCodes object defines all required error types",
          "invocations": 1,
          "location": null,
          "numPassingAsserts": 6,
          "retryReasons": [],
          "status": "passed",
          "title": "defines all required error types"
        },
        {
          "ancestorTitles": ["Error Codes", "ErrorCodes object"],
          "duration": 2,
          "failureDetails": [],
          "failureMessages": [],
          "fullName": "Error Codes ErrorCodes object each error has required fields",
          "invocations": 1,
          "location": null,
          "numPassingAsserts": 114,
          "retryReasons": [],
          "status": "passed",
          "title": "each error has required fields"
        },
        {
          "ancestorTitles": ["Error Codes", "ErrorCodes object"],
          "duration": 1,
          "failureDetails": [],
          "failureMessages": [],
          "fullName": "Error Codes ErrorCodes object defines predictions-specific errors",
          "invocations": 1,
          "location": null,
          "numPassingAsserts": 4,
          "retryReasons": [],
          "status": "passed",
          "title": "defines predictions-specific errors"
        },
        {
          "ancestorTitles": ["Error Codes", "ErrorCodes object"],
          "duration": 0,
          "failureDetails": [],
          "failureMessages": [],
          "fullName": "Error Codes ErrorCodes object defines AI insights-specific errors",
          "invocations": 1,
          "location": null,
          "numPassingAsserts": 4,
          "retryReasons": [],
          "status": "passed",
          "title": "defines AI insights-specific errors"
        },
        {
          "ancestorTitles": ["Error Codes", "getErrorByCode"],
          "duration": 0,
          "failureDetails": [],
          "failureMessages": [],
          "fullName": "Error Codes getErrorByCode finds error by code string",
          "invocations": 1,
          "location": null,
          "numPassingAsserts": 2,
          "retryReasons": [],
          "status": "passed",
          "title": "finds error by code string"
        },
        {
          "ancestorTitles": ["Error Codes", "getErrorByCode"],
          "duration": 0,
          "failureDetails": [],
          "failureMessages": [],
          "fullName": "Error Codes getErrorByCode returns null for unknown code",
          "invocations": 1,
          "location": null,
          "numPassingAsserts": 1,
          "retryReasons": [],
          "status": "passed",
          "title": "returns null for unknown code"
        },
        {
          "ancestorTitles": ["Error Codes", "getErrorByCode"],
          "duration": 1,
          "failureDetails": [],
          "failureMessages": [],
          "fullName": "Error Codes getErrorByCode finds predictions error codes",
          "invocations": 1,
          "location": null,
          "numPassingAsserts": 2,
          "retryReasons": [],
          "status": "passed",
          "title": "finds predictions error codes"
        },
        {
          "ancestorTitles": ["Error Codes", "createErrorMessage"],
          "duration": 0,
          "failureDetails": [],
          "failureMessages": [],
          "fullName": "Error Codes createErrorMessage creates message from error key",
          "invocations": 1,
          "location": null,
          "numPassingAsserts": 3,
          "retryReasons": [],
          "status": "passed",
          "title": "creates message from error key"
        },
        {
          "ancestorTitles": ["Error Codes", "createErrorMessage"],
          "duration": 0,
          "failureDetails": [],
          "failureMessages": [],
          "fullName": "Error Codes createErrorMessage includes optional details in message",
          "invocations": 1,
          "location": null,
          "numPassingAsserts": 1,
          "retryReasons": [],
          "status": "passed",
          "title": "includes optional details in message"
        },
        {
          "ancestorTitles": ["Error Codes", "createErrorMessage"],
          "duration": 0,
          "failureDetails": [],
          "failureMessages": [],
          "fullName": "Error Codes createErrorMessage falls back to UNKNOWN for invalid key",
          "invocations": 1,
          "location": null,
          "numPassingAsserts": 1,
          "retryReasons": [],
          "status": "passed",
          "title": "falls back to UNKNOWN for invalid key"
        }
      ],
      "endTime": 1768484256538,
      "message": "",
      "name": "E:\\projects\\ado-git-repo-insights\\extension\\tests\\error-codes.test.js",
      "startTime": 1768484256278,
      "status": "passed",
      "summary": ""
    },
    {
      "assertionResults": [
        {
          "ancestorTitles": ["Date-Range Warning Modal (Phase 4)"],
          "duration": 13,
          "failureDetails": [],
          "failureMessages": [],
          "fullName": "Date-Range Warning Modal (Phase 4) modal shows for date range > 365 days",
          "invocations": 1,
          "location": null,
          "numPassingAsserts": 3,
          "retryReasons": [],
          "status": "passed",
          "title": "modal shows for date range > 365 days"
        },
        {
          "ancestorTitles": ["Date-Range Warning Modal (Phase 4)"],
          "duration": 3,
          "failureDetails": [],
          "failureMessages": [],
          "fullName": "Date-Range Warning Modal (Phase 4) clicking \"Adjust Range\" returns false (cancels load)",
          "invocations": 1,
          "location": null,
          "numPassingAsserts": 2,
          "retryReasons": [],
          "status": "passed",
          "title": "clicking \"Adjust Range\" returns false (cancels load)"
        },
        {
          "ancestorTitles": ["Date-Range Warning Modal (Phase 4)"],
          "duration": 1,
          "failureDetails": [],
          "failureMessages": [],
          "fullName": "Date-Range Warning Modal (Phase 4) clicking \"Continue Anyway\" returns true (proceeds with load)",
          "invocations": 1,
          "location": null,
          "numPassingAsserts": 2,
          "retryReasons": [],
          "status": "passed",
          "title": "clicking \"Continue Anyway\" returns true (proceeds with load)"
        },
        {
          "ancestorTitles": ["Date-Range Warning Modal (Phase 4)"],
          "duration": 1,
          "failureDetails": [],
          "failureMessages": [],
          "fullName": "Date-Range Warning Modal (Phase 4) modal does not show for date range <= 365 days",
          "invocations": 1,
          "location": null,
          "numPassingAsserts": 1,
          "retryReasons": [],
          "status": "passed",
          "title": "modal does not show for date range <= 365 days"
        },
        {
          "ancestorTitles": ["Date-Range Warning Modal (Phase 4)"],
          "duration": 1,
          "failureDetails": [],
          "failureMessages": [],
          "fullName": "Date-Range Warning Modal (Phase 4) modal displays correct day count",
          "invocations": 1,
          "location": null,
          "numPassingAsserts": 1,
          "retryReasons": [],
          "status": "passed",
          "title": "modal displays correct day count"
        },
        {
          "ancestorTitles": ["Date-Range Warning Modal (Phase 4)"],
          "duration": 1,
          "failureDetails": [],
          "failureMessages": [],
          "fullName": "Date-Range Warning Modal (Phase 4) modal can be shown multiple times",
          "invocations": 1,
          "location": null,
          "numPassingAsserts": 2,
          "retryReasons": [],
          "status": "passed",
          "title": "modal can be shown multiple times"
        }
      ],
      "endTime": 1768484256549,
      "message": "",
      "name": "E:\\projects\\ado-git-repo-insights\\extension\\tests\\date-range-warning.test.js",
      "startTime": 1768484256280,
      "status": "passed",
      "summary": ""
    },
    {
      "assertionResults": [
        {
          "ancestorTitles": ["Synthetic Fixture Consumer Validation"],
          "duration": 4,
          "failureDetails": [
            {
              "message": "\u001b[2mexpect(\u001b[22m\u001b[31mreceived\u001b[39m\u001b[2m).\u001b[22mresolves\u001b[2m.\u001b[22mtoBeDefined\u001b[2m()\u001b[22m\n\nReceived promise rejected instead of resolved\nRejected to value: \u001b[31m[TypeError: Cannot read properties of undefined (reading 'ok')]\u001b[39m"
            }
          ],
          "failureMessages": [
            "Error: \u001b[2mexpect(\u001b[22m\u001b[31mreceived\u001b[39m\u001b[2m).\u001b[22mresolves\u001b[2m.\u001b[22mtoBeDefined\u001b[2m()\u001b[22m\n\nReceived promise rejected instead of resolved\nRejected to value: \u001b[31m[TypeError: Cannot read properties of undefined (reading 'ok')]\u001b[39m\n    at expect (E:\\projects\\ado-git-repo-insights\\extension\\node_modules\\expect\\build\\index.js:113:15)\n    at Object.expect (E:\\projects\\ado-git-repo-insights\\extension\\tests\\synthetic-fixtures.test.js:59:15)\n    at Promise.then.completed (E:\\projects\\ado-git-repo-insights\\extension\\node_modules\\jest-circus\\build\\utils.js:298:28)\n    at new Promise (<anonymous>)\n    at callAsyncCircusFn (E:\\projects\\ado-git-repo-insights\\extension\\node_modules\\jest-circus\\build\\utils.js:231:10)\n    at _callCircusTest (E:\\projects\\ado-git-repo-insights\\extension\\node_modules\\jest-circus\\build\\run.js:316:40)\n    at processTicksAndRejections (node:internal/process/task_queues:103:5)\n    at _runTest (E:\\projects\\ado-git-repo-insights\\extension\\node_modules\\jest-circus\\build\\run.js:252:3)\n    at _runTestsForDescribeBlock (E:\\projects\\ado-git-repo-insights\\extension\\node_modules\\jest-circus\\build\\run.js:126:9)\n    at _runTestsForDescribeBlock (E:\\projects\\ado-git-repo-insights\\extension\\node_modules\\jest-circus\\build\\run.js:121:9)\n    at run (E:\\projects\\ado-git-repo-insights\\extension\\node_modules\\jest-circus\\build\\run.js:71:3)\n    at runAndTransformResultsToJestFormat (E:\\projects\\ado-git-repo-insights\\extension\\node_modules\\jest-circus\\build\\legacy-code-todo-rewrite\\jestAdapterInit.js:122:21)\n    at jestAdapter (E:\\projects\\ado-git-repo-insights\\extension\\node_modules\\jest-circus\\build\\legacy-code-todo-rewrite\\jestAdapter.js:79:19)\n    at runTestInternal (E:\\projects\\ado-git-repo-insights\\extension\\node_modules\\jest-runner\\build\\runTest.js:367:16)\n    at runTest (E:\\projects\\ado-git-repo-insights\\extension\\node_modules\\jest-runner\\build\\runTest.js:444:34)\n    at Object.worker (E:\\projects\\ado-git-repo-insights\\extension\\node_modules\\jest-runner\\build\\testWorker.js:106:12)"
          ],
          "fullName": "Synthetic Fixture Consumer Validation 1000 PR fixture passes loadManifest validation",
          "invocations": 1,
          "location": null,
          "numPassingAsserts": 0,
          "retryReasons": [],
          "status": "failed",
          "title": "1000 PR fixture passes loadManifest validation"
        },
        {
          "ancestorTitles": ["Synthetic Fixture Consumer Validation"],
          "duration": 0,
          "failureDetails": [],
          "failureMessages": [],
          "fullName": "Synthetic Fixture Consumer Validation generated manifest has correct schema versions",
          "invocations": 1,
          "location": null,
          "numPassingAsserts": 3,
          "retryReasons": [],
          "status": "passed",
          "title": "generated manifest has correct schema versions"
        },
        {
          "ancestorTitles": ["Synthetic Fixture Consumer Validation"],
          "duration": 1,
          "failureDetails": [{}],
          "failureMessages": [
            "TypeError: Cannot read properties of undefined (reading 'ok')\n    at DatasetLoader.ok [as loadManifest] (E:\\projects\\ado-git-repo-insights\\extension\\ui\\dataset-loader.js:199:23)\n    at processTicksAndRejections (node:internal/process/task_queues:103:5)\n    at Object.<anonymous> (E:\\projects\\ado-git-repo-insights\\extension\\tests\\synthetic-fixtures.test.js:77:9)"
          ],
          "fullName": "Synthetic Fixture Consumer Validation generated rollups load successfully",
          "invocations": 1,
          "location": null,
          "numPassingAsserts": 0,
          "retryReasons": [],
          "status": "failed",
          "title": "generated rollups load successfully"
        },
        {
          "ancestorTitles": ["Synthetic Fixture Consumer Validation"],
          "duration": 1,
          "failureDetails": [{}],
          "failureMessages": [
            "TypeError: Cannot read properties of undefined (reading 'ok')\n    at DatasetLoader.ok [as loadManifest] (E:\\projects\\ado-git-repo-insights\\extension\\ui\\dataset-loader.js:199:23)\n    at processTicksAndRejections (node:internal/process/task_queues:103:5)\n    at Object.<anonymous> (E:\\projects\\ado-git-repo-insights\\extension\\tests\\synthetic-fixtures.test.js:101:9)"
          ],
          "fullName": "Synthetic Fixture Consumer Validation generated dimensions load successfully",
          "invocations": 1,
          "location": null,
          "numPassingAsserts": 0,
          "retryReasons": [],
          "status": "failed",
          "title": "generated dimensions load successfully"
        },
        {
          "ancestorTitles": ["Synthetic Fixture Consumer Validation"],
          "duration": 0,
          "failureDetails": [],
          "failureMessages": [],
          "fullName": "Synthetic Fixture Consumer Validation 5k PR fixture generates successfully",
          "invocations": 1,
          "location": null,
          "numPassingAsserts": 2,
          "retryReasons": [],
          "status": "passed",
          "title": "5k PR fixture generates successfully"
        },
        {
          "ancestorTitles": ["Synthetic Fixture Consumer Validation"],
          "duration": 1,
          "failureDetails": [],
          "failureMessages": [],
          "fullName": "Synthetic Fixture Consumer Validation 10k PR fixture generates successfully",
          "invocations": 1,
          "location": null,
          "numPassingAsserts": 2,
          "retryReasons": [],
          "status": "passed",
          "title": "10k PR fixture generates successfully"
        },
        {
          "ancestorTitles": ["Synthetic Fixture Consumer Validation"],
          "duration": 1,
          "failureDetails": [],
          "failureMessages": [],
          "fullName": "Synthetic Fixture Consumer Validation deterministic generation: same seed produces identical manifest structure",
          "invocations": 1,
          "location": null,
          "numPassingAsserts": 1,
          "retryReasons": [],
          "status": "passed",
          "title": "deterministic generation: same seed produces identical manifest structure"
        }
      ],
      "endTime": 1768484256561,
      "message": "\u001b[1m\u001b[31m  \u001b[1m● \u001b[22m\u001b[1mSynthetic Fixture Consumer Validation › 1000 PR fixture passes loadManifest validation\u001b[39m\u001b[22m\n\n    \u001b[2mexpect(\u001b[22m\u001b[31mreceived\u001b[39m\u001b[2m).\u001b[22mresolves\u001b[2m.\u001b[22mtoBeDefined\u001b[2m()\u001b[22m\n\n    Received promise rejected instead of resolved\n    Rejected to value: \u001b[31m[TypeError: Cannot read properties of undefined (reading 'ok')]\u001b[39m\n\u001b[2m\u001b[22m\n\u001b[2m    \u001b[0m \u001b[90m 57 |\u001b[39m\u001b[22m\n\u001b[2m     \u001b[90m 58 |\u001b[39m         \u001b[90m// Should not throw\u001b[39m\u001b[22m\n\u001b[2m    \u001b[31m\u001b[1m>\u001b[22m\u001b[2m\u001b[39m\u001b[90m 59 |\u001b[39m         \u001b[36mawait\u001b[39m expect(loader\u001b[33m.\u001b[39mloadManifest())\u001b[33m.\u001b[39mresolves\u001b[33m.\u001b[39mtoBeDefined()\u001b[33m;\u001b[39m\u001b[22m\n\u001b[2m     \u001b[90m    |\u001b[39m               \u001b[31m\u001b[1m^\u001b[22m\u001b[2m\u001b[39m\u001b[22m\n\u001b[2m     \u001b[90m 60 |\u001b[39m     })\u001b[33m;\u001b[39m\u001b[22m\n\u001b[2m     \u001b[90m 61 |\u001b[39m\u001b[22m\n\u001b[2m     \u001b[90m 62 |\u001b[39m     test(\u001b[32m'generated manifest has correct schema versions'\u001b[39m\u001b[33m,\u001b[39m \u001b[36masync\u001b[39m () \u001b[33m=>\u001b[39m {\u001b[0m\u001b[22m\n\u001b[2m\u001b[22m\n\u001b[2m      \u001b[2mat expect (\u001b[22m\u001b[2mnode_modules/expect/build/index.js\u001b[2m:113:15)\u001b[22m\u001b[2m\u001b[22m\n\u001b[2m      \u001b[2mat Object.expect (\u001b[22m\u001b[2m\u001b[0m\u001b[36mtests/synthetic-fixtures.test.js\u001b[39m\u001b[0m\u001b[2m:59:15)\u001b[22m\u001b[2m\u001b[22m\n\n\u001b[1m\u001b[31m  \u001b[1m● \u001b[22m\u001b[1mSynthetic Fixture Consumer Validation › generated rollups load successfully\u001b[39m\u001b[22m\n\n    TypeError: Cannot read properties of undefined (reading 'ok')\n\u001b[2m\u001b[22m\n\u001b[2m    \u001b[0m \u001b[90m 197 |\u001b[39m         \u001b[36mconst\u001b[39m response \u001b[33m=\u001b[39m \u001b[36mawait\u001b[39m fetch(url)\u001b[33m;\u001b[39m\u001b[22m\n\u001b[2m     \u001b[90m 198 |\u001b[39m\u001b[22m\n\u001b[2m    \u001b[31m\u001b[1m>\u001b[22m\u001b[2m\u001b[39m\u001b[90m 199 |\u001b[39m         \u001b[36mif\u001b[39m (\u001b[33m!\u001b[39mresponse\u001b[33m.\u001b[39mok) {\u001b[22m\n\u001b[2m     \u001b[90m     |\u001b[39m                       \u001b[31m\u001b[1m^\u001b[22m\u001b[2m\u001b[39m\u001b[22m\n\u001b[2m     \u001b[90m 200 |\u001b[39m             \u001b[36mif\u001b[39m (response\u001b[33m.\u001b[39mstatus \u001b[33m===\u001b[39m \u001b[35m404\u001b[39m) {\u001b[22m\n\u001b[2m     \u001b[90m 201 |\u001b[39m                 \u001b[36mthrow\u001b[39m \u001b[36mnew\u001b[39m \u001b[33mError\u001b[39m(\u001b[32m'Dataset not found. Ensure the analytics pipeline has run successfully.'\u001b[39m)\u001b[33m;\u001b[39m\u001b[22m\n\u001b[2m     \u001b[90m 202 |\u001b[39m             }\u001b[0m\u001b[22m\n\u001b[2m\u001b[22m\n\u001b[2m      \u001b[2mat DatasetLoader.ok [as loadManifest] (\u001b[22m\u001b[2mui/dataset-loader.js\u001b[2m:199:23)\u001b[22m\u001b[2m\u001b[22m\n\u001b[2m      \u001b[2mat Object.<anonymous> (\u001b[22m\u001b[2m\u001b[0m\u001b[36mtests/synthetic-fixtures.test.js\u001b[39m\u001b[0m\u001b[2m:77:9)\u001b[22m\u001b[2m\u001b[22m\n\n\u001b[1m\u001b[31m  \u001b[1m● \u001b[22m\u001b[1mSynthetic Fixture Consumer Validation › generated dimensions load successfully\u001b[39m\u001b[22m\n\n    TypeError: Cannot read properties of undefined (reading 'ok')\n\u001b[2m\u001b[22m\n\u001b[2m    \u001b[0m \u001b[90m 197 |\u001b[39m         \u001b[36mconst\u001b[39m response \u001b[33m=\u001b[39m \u001b[36mawait\u001b[39m fetch(url)\u001b[33m;\u001b[39m\u001b[22m\n\u001b[2m     \u001b[90m 198 |\u001b[39m\u001b[22m\n\u001b[2m    \u001b[31m\u001b[1m>\u001b[22m\u001b[2m\u001b[39m\u001b[90m 199 |\u001b[39m         \u001b[36mif\u001b[39m (\u001b[33m!\u001b[39mresponse\u001b[33m.\u001b[39mok) {\u001b[22m\n\u001b[2m     \u001b[90m     |\u001b[39m                       \u001b[31m\u001b[1m^\u001b[22m\u001b[2m\u001b[39m\u001b[22m\n\u001b[2m     \u001b[90m 200 |\u001b[39m             \u001b[36mif\u001b[39m (response\u001b[33m.\u001b[39mstatus \u001b[33m===\u001b[39m \u001b[35m404\u001b[39m) {\u001b[22m\n\u001b[2m     \u001b[90m 201 |\u001b[39m                 \u001b[36mthrow\u001b[39m \u001b[36mnew\u001b[39m \u001b[33mError\u001b[39m(\u001b[32m'Dataset not found. Ensure the analytics pipeline has run successfully.'\u001b[39m)\u001b[33m;\u001b[39m\u001b[22m\n\u001b[2m     \u001b[90m 202 |\u001b[39m             }\u001b[0m\u001b[22m\n\u001b[2m\u001b[22m\n\u001b[2m      \u001b[2mat DatasetLoader.ok [as loadManifest] (\u001b[22m\u001b[2mui/dataset-loader.js\u001b[2m:199:23)\u001b[22m\u001b[2m\u001b[22m\n\u001b[2m      \u001b[2mat Object.<anonymous> (\u001b[22m\u001b[2m\u001b[0m\u001b[36mtests/synthetic-fixtures.test.js\u001b[39m\u001b[0m\u001b[2m:101:9)\u001b[22m\u001b[2m\u001b[22m\n",
      "name": "E:\\projects\\ado-git-repo-insights\\extension\\tests\\synthetic-fixtures.test.js",
      "startTime": 1768484256277,
      "status": "failed",
      "summary": ""
    },
    {
      "assertionResults": [
        {
          "ancestorTitles": ["DatasetLoader", "validatePredictionsSchema"],
          "duration": 4,
          "failureDetails": [],
          "failureMessages": [],
          "fullName": "DatasetLoader validatePredictionsSchema returns { valid: true } for valid input",
          "invocations": 1,
          "location": null,
          "numPassingAsserts": 1,
          "retryReasons": [],
          "status": "passed",
          "title": "returns { valid: true } for valid input"
        },
        {
          "ancestorTitles": ["DatasetLoader", "validatePredictionsSchema"],
          "duration": 0,
          "failureDetails": [],
          "failureMessages": [],
          "fullName": "DatasetLoader validatePredictionsSchema returns { valid: false, error } for missing data",
          "invocations": 1,
          "location": null,
          "numPassingAsserts": 2,
          "retryReasons": [],
          "status": "passed",
          "title": "returns { valid: false, error } for missing data"
        },
        {
          "ancestorTitles": ["DatasetLoader", "validatePredictionsSchema"],
          "duration": 1,
          "failureDetails": [],
          "failureMessages": [],
          "fullName": "DatasetLoader validatePredictionsSchema returns { valid: false, error } for missing schema_version",
          "invocations": 1,
          "location": null,
          "numPassingAsserts": 2,
          "retryReasons": [],
          "status": "passed",
          "title": "returns { valid: false, error } for missing schema_version"
        },
        {
          "ancestorTitles": ["DatasetLoader", "validatePredictionsSchema"],
          "duration": 0,
          "failureDetails": [],
          "failureMessages": [],
          "fullName": "DatasetLoader validatePredictionsSchema returns { valid: false, error } for unsupported schema version",
          "invocations": 1,
          "location": null,
          "numPassingAsserts": 2,
          "retryReasons": [],
          "status": "passed",
          "title": "returns { valid: false, error } for unsupported schema version"
        },
        {
          "ancestorTitles": ["DatasetLoader", "validatePredictionsSchema"],
          "duration": 0,
          "failureDetails": [],
          "failureMessages": [],
          "fullName": "DatasetLoader validatePredictionsSchema returns { valid: false, error } for missing forecasts array",
          "invocations": 1,
          "location": null,
          "numPassingAsserts": 2,
          "retryReasons": [],
          "status": "passed",
          "title": "returns { valid: false, error } for missing forecasts array"
        },
        {
          "ancestorTitles": ["DatasetLoader", "validatePredictionsSchema"],
          "duration": 0,
          "failureDetails": [],
          "failureMessages": [],
          "fullName": "DatasetLoader validatePredictionsSchema returns { valid: false, error } for invalid forecast structure",
          "invocations": 1,
          "location": null,
          "numPassingAsserts": 1,
          "retryReasons": [],
          "status": "passed",
          "title": "returns { valid: false, error } for invalid forecast structure"
        },
        {
          "ancestorTitles": ["DatasetLoader", "validateInsightsSchema"],
          "duration": 1,
          "failureDetails": [],
          "failureMessages": [],
          "fullName": "DatasetLoader validateInsightsSchema returns { valid: true } for valid input",
          "invocations": 1,
          "location": null,
          "numPassingAsserts": 1,
          "retryReasons": [],
          "status": "passed",
          "title": "returns { valid: true } for valid input"
        },
        {
          "ancestorTitles": ["DatasetLoader", "validateInsightsSchema"],
          "duration": 0,
          "failureDetails": [],
          "failureMessages": [],
          "fullName": "DatasetLoader validateInsightsSchema returns typed error object, never throws",
          "invocations": 1,
          "location": null,
          "numPassingAsserts": 8,
          "retryReasons": [],
          "status": "passed",
          "title": "returns typed error object, never throws"
        },
        {
          "ancestorTitles": ["DatasetLoader", "validateInsightsSchema"],
          "duration": 0,
          "failureDetails": [],
          "failureMessages": [],
          "fullName": "DatasetLoader validateInsightsSchema returns { valid: false, error } for missing schema_version",
          "invocations": 1,
          "location": null,
          "numPassingAsserts": 2,
          "retryReasons": [],
          "status": "passed",
          "title": "returns { valid: false, error } for missing schema_version"
        },
        {
          "ancestorTitles": ["DatasetLoader", "validateInsightsSchema"],
          "duration": 1,
          "failureDetails": [],
          "failureMessages": [],
          "fullName": "DatasetLoader validateInsightsSchema returns { valid: false, error } for missing insights array",
          "invocations": 1,
          "location": null,
          "numPassingAsserts": 2,
          "retryReasons": [],
          "status": "passed",
          "title": "returns { valid: false, error } for missing insights array"
        },
        {
          "ancestorTitles": ["DatasetLoader", "validateInsightsSchema"],
          "duration": 0,
          "failureDetails": [],
          "failureMessages": [],
          "fullName": "DatasetLoader validateInsightsSchema returns { valid: false, error } for invalid insight structure",
          "invocations": 1,
          "location": null,
          "numPassingAsserts": 1,
          "retryReasons": [],
          "status": "passed",
          "title": "returns { valid: false, error } for invalid insight structure"
        },
        {
          "ancestorTitles": ["DatasetLoader", "loadPredictions state machine"],
          "duration": 0,
          "failureDetails": [],
          "failureMessages": [],
          "fullName": "DatasetLoader loadPredictions state machine returns { state: \"disabled\" } when feature flag is false",
          "invocations": 1,
          "location": null,
          "numPassingAsserts": 1,
          "retryReasons": [],
          "status": "passed",
          "title": "returns { state: \"disabled\" } when feature flag is false"
        },
        {
          "ancestorTitles": ["DatasetLoader", "loadPredictions state machine"],
          "duration": 0,
          "failureDetails": [],
          "failureMessages": [],
          "fullName": "DatasetLoader loadPredictions state machine returns { state: \"missing\" } on 404",
          "invocations": 1,
          "location": null,
          "numPassingAsserts": 1,
          "retryReasons": [],
          "status": "passed",
          "title": "returns { state: \"missing\" } on 404"
        },
        {
          "ancestorTitles": ["DatasetLoader", "loadPredictions state machine"],
          "duration": 1,
          "failureDetails": [],
          "failureMessages": [],
          "fullName": "DatasetLoader loadPredictions state machine returns { state: \"auth\" } on 401",
          "invocations": 1,
          "location": null,
          "numPassingAsserts": 1,
          "retryReasons": [],
          "status": "passed",
          "title": "returns { state: \"auth\" } on 401"
        },
        {
          "ancestorTitles": ["DatasetLoader", "loadPredictions state machine"],
          "duration": 0,
          "failureDetails": [],
          "failureMessages": [],
          "fullName": "DatasetLoader loadPredictions state machine returns { state: \"auth\" } on 403",
          "invocations": 1,
          "location": null,
          "numPassingAsserts": 1,
          "retryReasons": [],
          "status": "passed",
          "title": "returns { state: \"auth\" } on 403"
        },
        {
          "ancestorTitles": ["DatasetLoader", "loadPredictions state machine"],
          "duration": 23,
          "failureDetails": [],
          "failureMessages": [],
          "fullName": "DatasetLoader loadPredictions state machine returns { state: \"invalid\" } on schema failure",
          "invocations": 1,
          "location": null,
          "numPassingAsserts": 2,
          "retryReasons": [],
          "status": "passed",
          "title": "returns { state: \"invalid\" } on schema failure"
        },
        {
          "ancestorTitles": ["DatasetLoader", "loadPredictions state machine"],
          "duration": 0,
          "failureDetails": [],
          "failureMessages": [],
          "fullName": "DatasetLoader loadPredictions state machine returns { state: \"ok\", data } on success",
          "invocations": 1,
          "location": null,
          "numPassingAsserts": 2,
          "retryReasons": [],
          "status": "passed",
          "title": "returns { state: \"ok\", data } on success"
        },
        {
          "ancestorTitles": ["DatasetLoader", "loadPredictions state machine"],
          "duration": 3,
          "failureDetails": [],
          "failureMessages": [],
          "fullName": "DatasetLoader loadPredictions state machine always returns typed state object (never null or undefined)",
          "invocations": 1,
          "location": null,
          "numPassingAsserts": 12,
          "retryReasons": [],
          "status": "passed",
          "title": "always returns typed state object (never null or undefined)"
        },
        {
          "ancestorTitles": ["DatasetLoader", "loadInsights state machine"],
          "duration": 0,
          "failureDetails": [],
          "failureMessages": [],
          "fullName": "DatasetLoader loadInsights state machine returns { state: \"disabled\" } when feature flag is false",
          "invocations": 1,
          "location": null,
          "numPassingAsserts": 1,
          "retryReasons": [],
          "status": "passed",
          "title": "returns { state: \"disabled\" } when feature flag is false"
        },
        {
          "ancestorTitles": ["DatasetLoader", "loadInsights state machine"],
          "duration": 1,
          "failureDetails": [],
          "failureMessages": [],
          "fullName": "DatasetLoader loadInsights state machine returns { state: \"missing\" } on 404",
          "invocations": 1,
          "location": null,
          "numPassingAsserts": 1,
          "retryReasons": [],
          "status": "passed",
          "title": "returns { state: \"missing\" } on 404"
        },
        {
          "ancestorTitles": ["DatasetLoader", "loadInsights state machine"],
          "duration": 0,
          "failureDetails": [],
          "failureMessages": [],
          "fullName": "DatasetLoader loadInsights state machine returns { state: \"auth\" } on 401",
          "invocations": 1,
          "location": null,
          "numPassingAsserts": 1,
          "retryReasons": [],
          "status": "passed",
          "title": "returns { state: \"auth\" } on 401"
        },
        {
          "ancestorTitles": ["DatasetLoader", "loadInsights state machine"],
          "duration": 2,
          "failureDetails": [],
          "failureMessages": [],
          "fullName": "DatasetLoader loadInsights state machine returns { state: \"invalid\" } on schema failure",
          "invocations": 1,
          "location": null,
          "numPassingAsserts": 2,
          "retryReasons": [],
          "status": "passed",
          "title": "returns { state: \"invalid\" } on schema failure"
        },
        {
          "ancestorTitles": ["DatasetLoader", "loadInsights state machine"],
          "duration": 0,
          "failureDetails": [],
          "failureMessages": [],
          "fullName": "DatasetLoader loadInsights state machine returns { state: \"ok\", data } on success",
          "invocations": 1,
          "location": null,
          "numPassingAsserts": 2,
          "retryReasons": [],
          "status": "passed",
          "title": "returns { state: \"ok\", data } on success"
        },
        {
          "ancestorTitles": ["DatasetLoader", "isFeatureEnabled"],
          "duration": 0,
          "failureDetails": [],
          "failureMessages": [],
          "fullName": "DatasetLoader isFeatureEnabled returns false when manifest is not loaded",
          "invocations": 1,
          "location": null,
          "numPassingAsserts": 1,
          "retryReasons": [],
          "status": "passed",
          "title": "returns false when manifest is not loaded"
        },
        {
          "ancestorTitles": ["DatasetLoader", "isFeatureEnabled"],
          "duration": 0,
          "failureDetails": [],
          "failureMessages": [],
          "fullName": "DatasetLoader isFeatureEnabled returns true when feature flag is true",
          "invocations": 1,
          "location": null,
          "numPassingAsserts": 1,
          "retryReasons": [],
          "status": "passed",
          "title": "returns true when feature flag is true"
        },
        {
          "ancestorTitles": ["DatasetLoader", "isFeatureEnabled"],
          "duration": 0,
          "failureDetails": [],
          "failureMessages": [],
          "fullName": "DatasetLoader isFeatureEnabled returns false when feature flag is false",
          "invocations": 1,
          "location": null,
          "numPassingAsserts": 1,
          "retryReasons": [],
          "status": "passed",
          "title": "returns false when feature flag is false"
        }
      ],
      "endTime": 1768484256567,
      "message": "",
      "name": "E:\\projects\\ado-git-repo-insights\\extension\\tests\\dataset-loader.test.js",
      "startTime": 1768484256270,
      "status": "passed",
      "summary": ""
    },
    {
      "assertionResults": [
        {
          "ancestorTitles": ["Dashboard Rendering", "renderPredictions"],
          "duration": 9,
          "failureDetails": [],
          "failureMessages": [],
          "fullName": "Dashboard Rendering renderPredictions handles null input safely (never throws)",
          "invocations": 1,
          "location": null,
          "numPassingAsserts": 1,
          "retryReasons": [],
          "status": "passed",
          "title": "handles null input safely (never throws)"
        },
        {
          "ancestorTitles": ["Dashboard Rendering", "renderPredictions"],
          "duration": 2,
          "failureDetails": [],
          "failureMessages": [],
          "fullName": "Dashboard Rendering renderPredictions handles undefined input safely (never throws)",
          "invocations": 1,
          "location": null,
          "numPassingAsserts": 1,
          "retryReasons": [],
          "status": "passed",
          "title": "handles undefined input safely (never throws)"
        },
        {
          "ancestorTitles": ["Dashboard Rendering", "renderPredictions"],
          "duration": 3,
          "failureDetails": [],
          "failureMessages": [],
          "fullName": "Dashboard Rendering renderPredictions renders stub warning when is_stub=true",
          "invocations": 1,
          "location": null,
          "numPassingAsserts": 2,
          "retryReasons": [],
          "status": "passed",
          "title": "renders stub warning when is_stub=true"
        },
        {
          "ancestorTitles": ["Dashboard Rendering", "renderPredictions"],
          "duration": 1,
          "failureDetails": [],
          "failureMessages": [],
          "fullName": "Dashboard Rendering renderPredictions does not render stub warning when is_stub=false",
          "invocations": 1,
          "location": null,
          "numPassingAsserts": 1,
          "retryReasons": [],
          "status": "passed",
          "title": "does not render stub warning when is_stub=false"
        },
        {
          "ancestorTitles": ["Dashboard Rendering", "renderPredictions"],
          "duration": 1,
          "failureDetails": [],
          "failureMessages": [],
          "fullName": "Dashboard Rendering renderPredictions handles null container safely",
          "invocations": 1,
          "location": null,
          "numPassingAsserts": 1,
          "retryReasons": [],
          "status": "passed",
          "title": "handles null container safely"
        },
        {
          "ancestorTitles": ["Dashboard Rendering", "renderAIInsights"],
          "duration": 7,
          "failureDetails": [],
          "failureMessages": [],
          "fullName": "Dashboard Rendering renderAIInsights groups insights by severity correctly",
          "invocations": 1,
          "location": null,
          "numPassingAsserts": 2,
          "retryReasons": [],
          "status": "passed",
          "title": "groups insights by severity correctly"
        },
        {
          "ancestorTitles": ["Dashboard Rendering", "renderAIInsights"],
          "duration": 1,
          "failureDetails": [],
          "failureMessages": [],
          "fullName": "Dashboard Rendering renderAIInsights handles null input safely (never throws)",
          "invocations": 1,
          "location": null,
          "numPassingAsserts": 1,
          "retryReasons": [],
          "status": "passed",
          "title": "handles null input safely (never throws)"
        },
        {
          "ancestorTitles": ["Dashboard Rendering", "renderAIInsights"],
          "duration": 1,
          "failureDetails": [],
          "failureMessages": [],
          "fullName": "Dashboard Rendering renderAIInsights handles undefined input safely (never throws)",
          "invocations": 1,
          "location": null,
          "numPassingAsserts": 1,
          "retryReasons": [],
          "status": "passed",
          "title": "handles undefined input safely (never throws)"
        },
        {
          "ancestorTitles": ["Dashboard Rendering", "renderAIInsights"],
          "duration": 1,
          "failureDetails": [],
          "failureMessages": [],
          "fullName": "Dashboard Rendering renderAIInsights renders stub warning when is_stub=true",
          "invocations": 1,
          "location": null,
          "numPassingAsserts": 1,
          "retryReasons": [],
          "status": "passed",
          "title": "renders stub warning when is_stub=true"
        },
        {
          "ancestorTitles": ["Dashboard Rendering", "Error State Rendering"],
          "duration": 1,
          "failureDetails": [],
          "failureMessages": [],
          "fullName": "Dashboard Rendering Error State Rendering Missing state shows \"Not generated yet\" message for predictions",
          "invocations": 1,
          "location": null,
          "numPassingAsserts": 1,
          "retryReasons": [],
          "status": "passed",
          "title": "Missing state shows \"Not generated yet\" message for predictions"
        },
        {
          "ancestorTitles": ["Dashboard Rendering", "Error State Rendering"],
          "duration": 1,
          "failureDetails": [],
          "failureMessages": [],
          "fullName": "Dashboard Rendering Error State Rendering Invalid state shows \"Unable to display\" + diagnostic code for predictions",
          "invocations": 1,
          "location": null,
          "numPassingAsserts": 2,
          "retryReasons": [],
          "status": "passed",
          "title": "Invalid state shows \"Unable to display\" + diagnostic code for predictions"
        },
        {
          "ancestorTitles": ["Dashboard Rendering", "Error State Rendering"],
          "duration": 1,
          "failureDetails": [],
          "failureMessages": [],
          "fullName": "Dashboard Rendering Error State Rendering Empty state shows \"No data yet\" message for insights",
          "invocations": 1,
          "location": null,
          "numPassingAsserts": 1,
          "retryReasons": [],
          "status": "passed",
          "title": "Empty state shows \"No data yet\" message for insights"
        },
        {
          "ancestorTitles": ["Dashboard Rendering", "Error State Rendering"],
          "duration": 1,
          "failureDetails": [],
          "failureMessages": [],
          "fullName": "Dashboard Rendering Error State Rendering Invalid state shows \"Unable to display\" + diagnostic code for insights",
          "invocations": 1,
          "location": null,
          "numPassingAsserts": 2,
          "retryReasons": [],
          "status": "passed",
          "title": "Invalid state shows \"Unable to display\" + diagnostic code for insights"
        },
        {
          "ancestorTitles": ["Dashboard Rendering", "Error State Rendering"],
          "duration": 1,
          "failureDetails": [],
          "failureMessages": [],
          "fullName": "Dashboard Rendering Error State Rendering rendering functions handle null container (never throw)",
          "invocations": 1,
          "location": null,
          "numPassingAsserts": 4,
          "retryReasons": [],
          "status": "passed",
          "title": "rendering functions handle null container (never throw)"
        },
        {
          "ancestorTitles": ["Dashboard Rendering", "Date-Range Warning UX"],
          "duration": 4,
          "failureDetails": [],
          "failureMessages": [],
          "fullName": "Dashboard Rendering Date-Range Warning UX Range > 365 days → modal visible, load blocked",
          "invocations": 1,
          "location": null,
          "numPassingAsserts": 3,
          "retryReasons": [],
          "status": "passed",
          "title": "Range > 365 days → modal visible, load blocked"
        },
        {
          "ancestorTitles": ["Dashboard Rendering", "Date-Range Warning UX"],
          "duration": 1,
          "failureDetails": [],
          "failureMessages": [],
          "fullName": "Dashboard Rendering Date-Range Warning UX \"Adjust Range\" click → modal hidden, returns false (load cancelled)",
          "invocations": 1,
          "location": null,
          "numPassingAsserts": 2,
          "retryReasons": [],
          "status": "passed",
          "title": "\"Adjust Range\" click → modal hidden, returns false (load cancelled)"
        },
        {
          "ancestorTitles": ["Dashboard Rendering", "Date-Range Warning UX"],
          "duration": 1,
          "failureDetails": [],
          "failureMessages": [],
          "fullName": "Dashboard Rendering Date-Range Warning UX \"Continue\" click → modal hidden, returns true (load proceeds)",
          "invocations": 1,
          "location": null,
          "numPassingAsserts": 2,
          "retryReasons": [],
          "status": "passed",
          "title": "\"Continue\" click → modal hidden, returns true (load proceeds)"
        },
        {
          "ancestorTitles": ["Dashboard Rendering", "Date-Range Warning UX"],
          "duration": 1,
          "failureDetails": [],
          "failureMessages": [],
          "fullName": "Dashboard Rendering Date-Range Warning UX Modal displays correct day count",
          "invocations": 1,
          "location": null,
          "numPassingAsserts": 1,
          "retryReasons": [],
          "status": "passed",
          "title": "Modal displays correct day count"
        },
        {
          "ancestorTitles": ["Dashboard Rendering", "Date-Range Warning UX"],
          "duration": 1,
          "failureDetails": [],
          "failureMessages": [],
          "fullName": "Dashboard Rendering Date-Range Warning UX Modal can be shown multiple times",
          "invocations": 1,
          "location": null,
          "numPassingAsserts": 2,
          "retryReasons": [],
          "status": "passed",
          "title": "Modal can be shown multiple times"
        },
        {
          "ancestorTitles": [
            "Dashboard Rendering",
            "Date-Range Warning UX",
            "applyCustomDates integration"
          ],
          "duration": 1,
          "failureDetails": [],
          "failureMessages": [],
          "fullName": "Dashboard Rendering Date-Range Warning UX applyCustomDates integration Range <= 365 days → no modal, load proceeds immediately",
          "invocations": 1,
          "location": null,
          "numPassingAsserts": 2,
          "retryReasons": [],
          "status": "passed",
          "title": "Range <= 365 days → no modal, load proceeds immediately"
        },
        {
          "ancestorTitles": [
            "Dashboard Rendering",
            "Date-Range Warning UX",
            "applyCustomDates integration"
          ],
          "duration": 1,
          "failureDetails": [],
          "failureMessages": [],
          "fullName": "Dashboard Rendering Date-Range Warning UX applyCustomDates integration Range exactly 366 days → modal shown",
          "invocations": 1,
          "location": null,
          "numPassingAsserts": 1,
          "retryReasons": [],
          "status": "passed",
          "title": "Range exactly 366 days → modal shown"
        },
        {
          "ancestorTitles": [
            "Dashboard Rendering",
            "Date-Range Warning UX",
            "applyCustomDates integration"
          ],
          "duration": 0,
          "failureDetails": [],
          "failureMessages": [],
          "fullName": "Dashboard Rendering Date-Range Warning UX applyCustomDates integration Large range + user cancels → load cancelled",
          "invocations": 1,
          "location": null,
          "numPassingAsserts": 2,
          "retryReasons": [],
          "status": "passed",
          "title": "Large range + user cancels → load cancelled"
        }
      ],
      "endTime": 1768484256569,
      "message": "",
      "name": "E:\\projects\\ado-git-repo-insights\\extension\\tests\\dashboard.test.js",
      "startTime": 1768484256273,
      "status": "passed",
      "summary": ""
    },
    {
      "assertionResults": [
        {
          "ancestorTitles": ["Phase 4: Chunked Loading", "fetchSemaphore"],
          "duration": 7,
          "failureDetails": [],
          "failureMessages": [],
          "fullName": "Phase 4: Chunked Loading fetchSemaphore enforces max 4 concurrent fetches",
          "invocations": 1,
          "location": null,
          "numPassingAsserts": 4,
          "retryReasons": [],
          "status": "passed",
          "title": "enforces max 4 concurrent fetches"
        },
        {
          "ancestorTitles": ["Phase 4: Chunked Loading", "fetchSemaphore"],
          "duration": 31,
          "failureDetails": [],
          "failureMessages": [],
          "fullName": "Phase 4: Chunked Loading fetchSemaphore processes queue in FIFO order",
          "invocations": 1,
          "location": null,
          "numPassingAsserts": 1,
          "retryReasons": [],
          "status": "passed",
          "title": "processes queue in FIFO order"
        },
        {
          "ancestorTitles": [
            "Phase 4: Chunked Loading",
            "createRollupCache with injected clock"
          ],
          "duration": 0,
          "failureDetails": [],
          "failureMessages": [],
          "fullName": "Phase 4: Chunked Loading createRollupCache with injected clock returns cached value within TTL",
          "invocations": 1,
          "location": null,
          "numPassingAsserts": 1,
          "retryReasons": [],
          "status": "passed",
          "title": "returns cached value within TTL"
        },
        {
          "ancestorTitles": [
            "Phase 4: Chunked Loading",
            "createRollupCache with injected clock"
          ],
          "duration": 1,
          "failureDetails": [],
          "failureMessages": [],
          "fullName": "Phase 4: Chunked Loading createRollupCache with injected clock expires cache after TTL",
          "invocations": 1,
          "location": null,
          "numPassingAsserts": 1,
          "retryReasons": [],
          "status": "passed",
          "title": "expires cache after TTL"
        },
        {
          "ancestorTitles": [
            "Phase 4: Chunked Loading",
            "createRollupCache with injected clock"
          ],
          "duration": 0,
          "failureDetails": [],
          "failureMessages": [],
          "fullName": "Phase 4: Chunked Loading createRollupCache with injected clock evicts oldest by touchedAt when at capacity",
          "invocations": 1,
          "location": null,
          "numPassingAsserts": 4,
          "retryReasons": [],
          "status": "passed",
          "title": "evicts oldest by touchedAt when at capacity"
        },
        {
          "ancestorTitles": [
            "Phase 4: Chunked Loading",
            "createRollupCache with injected clock"
          ],
          "duration": 9,
          "failureDetails": [],
          "failureMessages": [],
          "fullName": "Phase 4: Chunked Loading createRollupCache with injected clock throws if cache key missing required fields",
          "invocations": 1,
          "location": null,
          "numPassingAsserts": 1,
          "retryReasons": [],
          "status": "passed",
          "title": "throws if cache key missing required fields"
        },
        {
          "ancestorTitles": [
            "Phase 4: Chunked Loading",
            "getWeeklyRollupsWithProgress"
          ],
          "duration": 6,
          "failureDetails": [],
          "failureMessages": [],
          "fullName": "Phase 4: Chunked Loading getWeeklyRollupsWithProgress returns explicit missingWeeks[] for 404s",
          "invocations": 1,
          "location": null,
          "numPassingAsserts": 4,
          "retryReasons": [],
          "status": "passed",
          "title": "returns explicit missingWeeks[] for 404s"
        },
        {
          "ancestorTitles": [
            "Phase 4: Chunked Loading",
            "getWeeklyRollupsWithProgress"
          ],
          "duration": 203,
          "failureDetails": [],
          "failureMessages": [],
          "fullName": "Phase 4: Chunked Loading getWeeklyRollupsWithProgress returns explicit failedWeeks[] for 5xx after retry",
          "invocations": 1,
          "location": null,
          "numPassingAsserts": 3,
          "retryReasons": [],
          "status": "passed",
          "title": "returns explicit failedWeeks[] for 5xx after retry"
        },
        {
          "ancestorTitles": [
            "Phase 4: Chunked Loading",
            "getWeeklyRollupsWithProgress"
          ],
          "duration": 0,
          "failureDetails": [],
          "failureMessages": [],
          "fullName": "Phase 4: Chunked Loading getWeeklyRollupsWithProgress throws AUTH_REQUIRED if authError && data.length === 0",
          "invocations": 1,
          "location": null,
          "numPassingAsserts": 1,
          "retryReasons": [],
          "status": "passed",
          "title": "throws AUTH_REQUIRED if authError && data.length === 0"
        },
        {
          "ancestorTitles": [
            "Phase 4: Chunked Loading",
            "getWeeklyRollupsWithProgress"
          ],
          "duration": 1,
          "failureDetails": [],
          "failureMessages": [],
          "fullName": "Phase 4: Chunked Loading getWeeklyRollupsWithProgress returns degraded state if partial auth success",
          "invocations": 1,
          "location": null,
          "numPassingAsserts": 3,
          "retryReasons": [],
          "status": "passed",
          "title": "returns degraded state if partial auth success"
        },
        {
          "ancestorTitles": [
            "Phase 4: Chunked Loading",
            "getWeeklyRollupsWithProgress"
          ],
          "duration": 0,
          "failureDetails": [],
          "failureMessages": [],
          "fullName": "Phase 4: Chunked Loading getWeeklyRollupsWithProgress calls onProgress with correct semantics",
          "invocations": 1,
          "location": null,
          "numPassingAsserts": 3,
          "retryReasons": [],
          "status": "passed",
          "title": "calls onProgress with correct semantics"
        },
        {
          "ancestorTitles": [
            "Phase 4: Chunked Loading",
            "getWeeklyRollupsWithProgress"
          ],
          "duration": 201,
          "failureDetails": [],
          "failureMessages": [],
          "fullName": "Phase 4: Chunked Loading getWeeklyRollupsWithProgress retries go through semaphore",
          "invocations": 1,
          "location": null,
          "numPassingAsserts": 2,
          "retryReasons": [],
          "status": "passed",
          "title": "retries go through semaphore"
        },
        {
          "ancestorTitles": [
            "Phase 4: Chunked Loading",
            "getWeeklyRollupsWithProgress"
          ],
          "duration": 157,
          "failureDetails": [],
          "failureMessages": [],
          "fullName": "Phase 4: Chunked Loading getWeeklyRollupsWithProgress stress test: randomized completion order with fixed seed",
          "invocations": 1,
          "location": null,
          "numPassingAsserts": 1,
          "retryReasons": [],
          "status": "passed",
          "title": "stress test: randomized completion order with fixed seed"
        }
      ],
      "endTime": 1768484257145,
      "message": "",
      "name": "E:\\projects\\ado-git-repo-insights\\extension\\tests\\chunked-loading.test.js",
      "startTime": 1768484256270,
      "status": "passed",
      "summary": ""
    },
    {
      "assertionResults": [
        {
          "ancestorTitles": ["Performance Baseline Tests (Simplified)"],
          "duration": 395,
          "failureDetails": [],
          "failureMessages": [],
          "fullName": "Performance Baseline Tests (Simplified) 1k PR fixture generation completes within budget",
          "invocations": 1,
          "location": null,
          "numPassingAsserts": 2,
          "retryReasons": [],
          "status": "passed",
          "title": "1k PR fixture generation completes within budget"
        },
        {
          "ancestorTitles": ["Performance Baseline Tests (Simplified)"],
          "duration": 9,
          "failureDetails": [],
          "failureMessages": [],
          "fullName": "Performance Baseline Tests (Simplified) manifest parsing completes within budget",
          "invocations": 1,
          "location": null,
          "numPassingAsserts": 3,
          "retryReasons": [],
          "status": "passed",
          "title": "manifest parsing completes within budget"
        },
        {
          "ancestorTitles": ["Performance Baseline Tests (Simplified)"],
          "duration": 27,
          "failureDetails": [],
          "failureMessages": [],
          "fullName": "Performance Baseline Tests (Simplified) bulk JSON parsing (all rollups) completes within budget",
          "invocations": 1,
          "location": null,
          "numPassingAsserts": 101,
          "retryReasons": [],
          "status": "passed",
          "title": "bulk JSON parsing (all rollups) completes within budget"
        },
        {
          "ancestorTitles": ["Performance Baseline Tests (Simplified)"],
          "duration": 2,
          "failureDetails": [],
          "failureMessages": [],
          "fullName": "Performance Baseline Tests (Simplified) memory footprint for 1k dataset remains within ceiling",
          "invocations": 1,
          "location": null,
          "numPassingAsserts": 1,
          "retryReasons": [],
          "status": "passed",
          "title": "memory footprint for 1k dataset remains within ceiling"
        },
        {
          "ancestorTitles": ["Scaling Performance at 1000 PRs"],
          "duration": 1683,
          "failureDetails": [],
          "failureMessages": [],
          "fullName": "Scaling Performance at 1000 PRs 1000 PR fixture generation within budget",
          "invocations": 1,
          "location": null,
          "numPassingAsserts": 1,
          "retryReasons": [],
          "status": "passed",
          "title": "1000 PR fixture generation within budget"
        },
        {
          "ancestorTitles": ["Scaling Performance at 1000 PRs"],
          "duration": 9,
          "failureDetails": [],
          "failureMessages": [],
          "fullName": "Scaling Performance at 1000 PRs 1000 PR manifest parse within budget",
          "invocations": 1,
          "location": null,
          "numPassingAsserts": 6,
          "retryReasons": [],
          "status": "passed",
          "title": "1000 PR manifest parse within budget"
        },
        {
          "ancestorTitles": ["Scaling Performance at 1000 PRs"],
          "duration": 33,
          "failureDetails": [],
          "failureMessages": [],
          "fullName": "Scaling Performance at 1000 PRs 1000 PR bulk JSON parse scales sub-linearly",
          "invocations": 1,
          "location": null,
          "numPassingAsserts": 251,
          "retryReasons": [],
          "status": "passed",
          "title": "1000 PR bulk JSON parse scales sub-linearly"
        },
        {
          "ancestorTitles": ["Scaling Performance at 5000 PRs"],
          "duration": 1672,
          "failureDetails": [],
          "failureMessages": [],
          "fullName": "Scaling Performance at 5000 PRs 5000 PR fixture generation within budget",
          "invocations": 1,
          "location": null,
          "numPassingAsserts": 1,
          "retryReasons": [],
          "status": "passed",
          "title": "5000 PR fixture generation within budget"
        },
        {
          "ancestorTitles": ["Scaling Performance at 5000 PRs"],
          "duration": 9,
          "failureDetails": [],
          "failureMessages": [],
          "fullName": "Scaling Performance at 5000 PRs 5000 PR manifest parse within budget",
          "invocations": 1,
          "location": null,
          "numPassingAsserts": 6,
          "retryReasons": [],
          "status": "passed",
          "title": "5000 PR manifest parse within budget"
        },
        {
          "ancestorTitles": ["Scaling Performance at 5000 PRs"],
          "duration": 39,
          "failureDetails": [],
          "failureMessages": [],
          "fullName": "Scaling Performance at 5000 PRs 5000 PR bulk JSON parse scales sub-linearly",
          "invocations": 1,
          "location": null,
          "numPassingAsserts": 261,
          "retryReasons": [],
          "status": "passed",
          "title": "5000 PR bulk JSON parse scales sub-linearly"
        },
        {
          "ancestorTitles": ["Scaling Performance at 10000 PRs"],
          "duration": 1664,
          "failureDetails": [],
          "failureMessages": [],
          "fullName": "Scaling Performance at 10000 PRs 10000 PR fixture generation within budget",
          "invocations": 1,
          "location": null,
          "numPassingAsserts": 1,
          "retryReasons": [],
          "status": "passed",
          "title": "10000 PR fixture generation within budget"
        },
        {
          "ancestorTitles": ["Scaling Performance at 10000 PRs"],
          "duration": 9,
          "failureDetails": [],
          "failureMessages": [],
          "fullName": "Scaling Performance at 10000 PRs 10000 PR manifest parse within budget",
          "invocations": 1,
          "location": null,
          "numPassingAsserts": 6,
          "retryReasons": [],
          "status": "passed",
          "title": "10000 PR manifest parse within budget"
        },
        {
          "ancestorTitles": ["Scaling Performance at 10000 PRs"],
          "duration": 30,
          "failureDetails": [],
          "failureMessages": [],
          "fullName": "Scaling Performance at 10000 PRs 10000 PR bulk JSON parse scales sub-linearly",
          "invocations": 1,
          "location": null,
          "numPassingAsserts": 261,
          "retryReasons": [],
          "status": "passed",
          "title": "10000 PR bulk JSON parse scales sub-linearly"
        }
      ],
      "endTime": 1768484262116,
      "message": "",
      "name": "E:\\projects\\ado-git-repo-insights\\extension\\tests\\performance.test.js",
      "startTime": 1768484256275,
      "status": "passed",
      "summary": ""
    }
  ],
  "wasInterrupted": false
}
